[09-Apr-2025 14:27:47 Asia/Manila] PHP Fatal error:  Uncaught mysqli_sql_exception: Column 'bus_id' cannot be null in /home/u537987570/domains/bgcbus.com/public_html/BGC/CommandCenter/manual_time.php:77
Stack trace:
#0 /home/u537987570/domains/bgcbus.com/public_html/BGC/CommandCenter/manual_time.php(77): mysqli_stmt->execute()
#1 {main}
  thrown in /home/u537987570/domains/bgcbus.com/public_html/BGC/CommandCenter/manual_time.php on line 77
[09-Apr-2025 14:28:08 Asia/Manila] PHP Fatal error:  Uncaught mysqli_sql_exception: Column 'bus_id' cannot be null in /home/u537987570/domains/bgcbus.com/public_html/BGC/CommandCenter/manual_time.php:77
Stack trace:
#0 /home/u537987570/domains/bgcbus.com/public_html/BGC/CommandCenter/manual_time.php(77): mysqli_stmt->execute()
#1 {main}
  thrown in /home/u537987570/domains/bgcbus.com/public_html/BGC/CommandCenter/manual_time.php on line 77
[09-Apr-2025 14:29:20 Asia/Manila] PHP Fatal error:  Uncaught mysqli_sql_exception: Column 'bus_id' cannot be null in /home/u537987570/domains/bgcbus.com/public_html/BGC/CommandCenter/manual_time.php:77
Stack trace:
#0 /home/u537987570/domains/bgcbus.com/public_html/BGC/CommandCenter/manual_time.php(77): mysqli_stmt->execute()
#1 {main}
  thrown in /home/u537987570/domains/bgcbus.com/public_html/BGC/CommandCenter/manual_time.php on line 77
[09-Apr-2025 14:30:00 Asia/Manila] PHP Fatal error:  Uncaught mysqli_sql_exception: Column 'bus_id' cannot be null in /home/u537987570/domains/bgcbus.com/public_html/BGC/CommandCenter/manual_time.php:77
Stack trace:
#0 /home/u537987570/domains/bgcbus.com/public_html/BGC/CommandCenter/manual_time.php(77): mysqli_stmt->execute()
#1 {main}
  thrown in /home/u537987570/domains/bgcbus.com/public_html/BGC/CommandCenter/manual_time.php on line 77
[09-Apr-2025 14:30:36 Asia/Manila] PHP Fatal error:  Uncaught mysqli_sql_exception: Column 'bus_id' cannot be null in /home/u537987570/domains/bgcbus.com/public_html/BGC/CommandCenter/manual_time.php:77
Stack trace:
#0 /home/u537987570/domains/bgcbus.com/public_html/BGC/CommandCenter/manual_time.php(77): mysqli_stmt->execute()
#1 {main}
  thrown in /home/u537987570/domains/bgcbus.com/public_html/BGC/CommandCenter/manual_time.php on line 77
[09-Apr-2025 14:31:18 Asia/Manila] PHP Fatal error:  Uncaught mysqli_sql_exception: Column 'bus_id' cannot be null in /home/u537987570/domains/bgcbus.com/public_html/BGC/CommandCenter/manual_time.php:77
Stack trace:
#0 /home/u537987570/domains/bgcbus.com/public_html/BGC/CommandCenter/manual_time.php(77): mysqli_stmt->execute()
#1 {main}
  thrown in /home/u537987570/domains/bgcbus.com/public_html/BGC/CommandCenter/manual_time.php on line 77
[09-Apr-2025 14:31:42 Asia/Manila] PHP Fatal error:  Uncaught mysqli_sql_exception: Column 'bus_id' cannot be null in /home/u537987570/domains/bgcbus.com/public_html/BGC/CommandCenter/manual_time.php:77
Stack trace:
#0 /home/u537987570/domains/bgcbus.com/public_html/BGC/CommandCenter/manual_time.php(77): mysqli_stmt->execute()
#1 {main}
  thrown in /home/u537987570/domains/bgcbus.com/public_html/BGC/CommandCenter/manual_time.php on line 77
[09-Apr-2025 14:38:01 Asia/Manila] PHP Fatal error:  Uncaught mysqli_sql_exception: Column 'bus_id' cannot be null in /home/u537987570/domains/bgcbus.com/public_html/BGC/CommandCenter/manual_time.php:77
Stack trace:
#0 /home/u537987570/domains/bgcbus.com/public_html/BGC/CommandCenter/manual_time.php(77): mysqli_stmt->execute()
#1 {main}
  thrown in /home/u537987570/domains/bgcbus.com/public_html/BGC/CommandCenter/manual_time.php on line 77
[09-Apr-2025 14:41:33 Asia/Manila] PHP Fatal error:  Uncaught mysqli_sql_exception: Column 'bus_id' cannot be null in /home/u537987570/domains/bgcbus.com/public_html/BGC/CommandCenter/manual_time.php:77
Stack trace:
#0 /home/u537987570/domains/bgcbus.com/public_html/BGC/CommandCenter/manual_time.php(77): mysqli_stmt->execute()
#1 {main}
  thrown in /home/u537987570/domains/bgcbus.com/public_html/BGC/CommandCenter/manual_time.php on line 77
[09-Apr-2025 14:42:02 Asia/Manila] PHP Fatal error:  Uncaught mysqli_sql_exception: Column 'bus_id' cannot be null in /home/u537987570/domains/bgcbus.com/public_html/BGC/CommandCenter/manual_time.php:77
Stack trace:
#0 /home/u537987570/domains/bgcbus.com/public_html/BGC/CommandCenter/manual_time.php(77): mysqli_stmt->execute()
#1 {main}
  thrown in /home/u537987570/domains/bgcbus.com/public_html/BGC/CommandCenter/manual_time.php on line 77
[09-Apr-2025 14:42:25 Asia/Manila] PHP Fatal error:  Uncaught mysqli_sql_exception: Column 'bus_id' cannot be null in /home/u537987570/domains/bgcbus.com/public_html/BGC/CommandCenter/manual_time.php:77
Stack trace:
#0 /home/u537987570/domains/bgcbus.com/public_html/BGC/CommandCenter/manual_time.php(77): mysqli_stmt->execute()
#1 {main}
  thrown in /home/u537987570/domains/bgcbus.com/public_html/BGC/CommandCenter/manual_time.php on line 77
[09-Apr-2025 14:43:07 Asia/Manila] PHP Fatal error:  Uncaught mysqli_sql_exception: Column 'bus_id' cannot be null in /home/u537987570/domains/bgcbus.com/public_html/BGC/CommandCenter/manual_time.php:77
Stack trace:
#0 /home/u537987570/domains/bgcbus.com/public_html/BGC/CommandCenter/manual_time.php(77): mysqli_stmt->execute()
#1 {main}
  thrown in /home/u537987570/domains/bgcbus.com/public_html/BGC/CommandCenter/manual_time.php on line 77
[09-Apr-2025 14:43:48 Asia/Manila] PHP Fatal error:  Uncaught mysqli_sql_exception: Column 'bus_id' cannot be null in /home/u537987570/domains/bgcbus.com/public_html/BGC/CommandCenter/manual_time.php:77
Stack trace:
#0 /home/u537987570/domains/bgcbus.com/public_html/BGC/CommandCenter/manual_time.php(77): mysqli_stmt->execute()
#1 {main}
  thrown in /home/u537987570/domains/bgcbus.com/public_html/BGC/CommandCenter/manual_time.php on line 77
